Start testing: Jan 28 20:51 CET
----------------------------------------------------------
1/2 Testing: StringSourceTest.ReadsSimpleStringCompletely
1/2 Test: StringSourceTest.ReadsSimpleStringCompletely
Command: "/home/ubuntu/Projects/SCANOSS/scanner.cpp/build/string_source_test" "--gtest_filter=StringSourceTest.ReadsSimpleStringCompletely" "--gtest_also_run_disabled_tests"
Directory: /home/ubuntu/Projects/SCANOSS/scanner.cpp/build
"StringSourceTest.ReadsSimpleStringCompletely" start time: Jan 28 20:51 CET
Output:
----------------------------------------------------------
Running main() from /home/ubuntu/Projects/SCANOSS/scanner.cpp/build/_deps/googletest-src/googletest/src/gtest_main.cc
Note: Google Test filter = StringSourceTest.ReadsSimpleStringCompletely
[==========] Running 1 test from 1 test suite.
[----------] Global test environment set-up.
[----------] 1 test from StringSourceTest
[ RUN      ] StringSourceTest.ReadsSimpleStringCompletely
[       OK ] StringSourceTest.ReadsSimpleStringCompletely (0 ms)
[----------] 1 test from StringSourceTest (0 ms total)

[----------] Global test environment tear-down
[==========] 1 test from 1 test suite ran. (0 ms total)
[  PASSED  ] 1 test.
<end of output>
Test time =   0.00 sec
----------------------------------------------------------
Test Passed.
"StringSourceTest.ReadsSimpleStringCompletely" end time: Jan 28 20:51 CET
"StringSourceTest.ReadsSimpleStringCompletely" time elapsed: 00:00:00
----------------------------------------------------------

2/2 Testing: StringSourceTest.ReturnsEndOfContentWhenEmpty
2/2 Test: StringSourceTest.ReturnsEndOfContentWhenEmpty
Command: "/home/ubuntu/Projects/SCANOSS/scanner.cpp/build/string_source_test" "--gtest_filter=StringSourceTest.ReturnsEndOfContentWhenEmpty" "--gtest_also_run_disabled_tests"
Directory: /home/ubuntu/Projects/SCANOSS/scanner.cpp/build
"StringSourceTest.ReturnsEndOfContentWhenEmpty" start time: Jan 28 20:51 CET
Output:
----------------------------------------------------------
Running main() from /home/ubuntu/Projects/SCANOSS/scanner.cpp/build/_deps/googletest-src/googletest/src/gtest_main.cc
Note: Google Test filter = StringSourceTest.ReturnsEndOfContentWhenEmpty
[==========] Running 1 test from 1 test suite.
[----------] Global test environment set-up.
[----------] 1 test from StringSourceTest
[ RUN      ] StringSourceTest.ReturnsEndOfContentWhenEmpty
[       OK ] StringSourceTest.ReturnsEndOfContentWhenEmpty (0 ms)
[----------] 1 test from StringSourceTest (0 ms total)

[----------] Global test environment tear-down
[==========] 1 test from 1 test suite ran. (0 ms total)
[  PASSED  ] 1 test.
<end of output>
Test time =   0.00 sec
----------------------------------------------------------
Test Passed.
"StringSourceTest.ReturnsEndOfContentWhenEmpty" end time: Jan 28 20:51 CET
"StringSourceTest.ReturnsEndOfContentWhenEmpty" time elapsed: 00:00:00
----------------------------------------------------------

End testing: Jan 28 20:51 CET
